<?xml version="1.0" encoding="UTF-8"?>
<!-- Generated by org.testng.reporters.JUnitXMLReporter -->
<testsuite hostname="Ansh-PC" name="Sample Test" tests="2" failures="2" timestamp="15 Dec 2018 09:32:42 GMT" time="70.742" errors="0">
  <testcase name="TC001" time="0.229" classname="util.ExecuteTestCases">
    <failure type="java.lang.AssertionError" message="null">
      <![CDATA[java.lang.AssertionError: null
	at util.ExecuteTestCases.testSample1(ExecuteTestCases.java:193)
	at util.MainTestNG.testng(MainTestNG.java:119)
	at util.MainTestNG.main(MainTestNG.java:77)
... Removed 23 stack frames]]>
    </failure>
  </testcase> <!-- TC001 -->
  <testcase name="TC001" time="0.295" classname="util.ExecuteTestCases">
    <failure type="java.lang.ArrayIndexOutOfBoundsException" message="123">
      <![CDATA[java.lang.ArrayIndexOutOfBoundsException: 123
	at org.openqa.selenium.internal.Base64Encoder.mapCharToInt(Base64Encoder.java:89)
	at org.openqa.selenium.internal.Base64Encoder.decode(Base64Encoder.java:76)
	at org.openqa.selenium.OutputType$2.convertFromBase64Png(OutputType.java:53)
	at org.openqa.selenium.OutputType$2.convertFromBase64Png(OutputType.java:51)
	at org.openqa.selenium.OutputType$3.convertFromBase64Png(OutputType.java:67)
	at org.openqa.selenium.OutputType$3.convertFromBase64Png(OutputType.java:65)
	at org.openqa.selenium.ie.InternetExplorerDriver.getScreenshotAs(InternetExplorerDriver.java:197)
	at util.TestListener.takeScreenShot(TestListener.java:56)
	at util.TestListener.onTestFailure(TestListener.java:43)
	at util.MainTestNG.testng(MainTestNG.java:119)
	at util.MainTestNG.main(MainTestNG.java:77)
... Removed 18 stack frames]]>
    </failure>
  </testcase> <!-- TC001 -->
</testsuite> <!-- Sample Test -->
