<html>
<head>
<title>TestNG:  Sample Test</title>
<link href="../testng.css" rel="stylesheet" type="text/css" />
<link href="../my-testng.css" rel="stylesheet" type="text/css" />

<style type="text/css">
.log { display: none;} 
.stack-trace { display: none;} 
</style>
<script type="text/javascript">
<!--
function flip(e) {
  current = e.style.display;
  if (current == 'block') {
    e.style.display = 'none';
    return 0;
  }
  else {
    e.style.display = 'block';
    return 1;
  }
}

function toggleBox(szDivId, elem, msg1, msg2)
{
  var res = -1;  if (document.getElementById) {
    res = flip(document.getElementById(szDivId));
  }
  else if (document.all) {
    // this is the way old msie versions work
    res = flip(document.all[szDivId]);
  }
  if(elem) {
    if(res == 0) elem.innerHTML = msg1; else elem.innerHTML = msg2;
  }

}

function toggleAllBoxes() {
  if (document.getElementsByTagName) {
    d = document.getElementsByTagName('div');
    for (i = 0; i < d.length; i++) {
      if (d[i].className == 'log') {
        flip(d[i]);
      }
    }
  }
}

// -->
</script>

</head>
<body>
<h2 align='center'>Sample Test</h2><table border='1' align="center">
<tr>
<td>Tests passed/Failed/Skipped:</td><td>0/0/0</td>
</tr><tr>
<td>Started on:</td><td>Sat Dec 15 15:01:31 IST 2018</td>
</tr>
<tr><td>Total time:</td><td>70 seconds (70742 ms)</td>
</tr><tr>
<td>Included groups:</td><td></td>
</tr><tr>
<td>Excluded groups:</td><td></td>
</tr>
</table><p/>
<small><i>(Hover the method name to see the test class name)</i></small><p/>
<table width='100%' border='1' class='invocation-failed'>
<tr><td colspan='4' align='center'><b>FAILED TESTS</b></td></tr>
<tr><td><b>Test method</b></td>
<td width="30%"><b>Exception</b></td>
<td width="10%"><b>Time (seconds)</b></td>
<td><b>Instance</b></td>
</tr>
<tr>
<td title='util.ExecuteTestCases.testSample1()'><b>testSample1</b><br>Test class: util.ExecuteTestCases (TC001)<br>Parameters: TC001<br/>
<a href="#Output-1260217713" onClick='toggleBox("Output-1260217713", this, "Show output", "Hide output");'>Show output</a>

<a href="#Output-1260217713" onClick="toggleAllBoxes();">Show all outputs</a>
<div class='log' id="Output-1260217713">
size====2<br/>
column valueee======[Selenium]<br/>
column value size===========1<br/>
testCaseExecution======================1<br/>
Test Status: Failed<br/>
Test Status: Failed<br/>
</div>
</td>
<td><div><pre>java.lang.AssertionError: null
	at util.ExecuteTestCases.testSample1(ExecuteTestCases.java:193)
	at util.MainTestNG.testng(MainTestNG.java:119)
	at util.MainTestNG.main(MainTestNG.java:77)
... Removed 23 stack frames</pre></div><a href='#' onClick='toggleBox("stack-trace1260217713", this, "Click to show all stack frames", "Click to hide stack frames")'>Click to show all stack frames</a>
<div class='stack-trace' id='stack-trace1260217713'><pre>java.lang.AssertionError: null
	at org.testng.Assert.fail(Assert.java:94)
	at org.testng.Assert.fail(Assert.java:101)
	at util.ExecuteTestCases.testSample1(ExecuteTestCases.java:193)
	at sun.reflect.NativeMethodAccessorImpl.invoke0(Native Method)
	at sun.reflect.NativeMethodAccessorImpl.invoke(NativeMethodAccessorImpl.java:62)
	at sun.reflect.DelegatingMethodAccessorImpl.invoke(DelegatingMethodAccessorImpl.java:43)
	at java.lang.reflect.Method.invoke(Method.java:498)
	at org.testng.internal.MethodInvocationHelper.invokeMethod(MethodInvocationHelper.java:80)
	at org.testng.internal.Invoker.invokeMethod(Invoker.java:714)
	at org.testng.internal.Invoker.invokeTestMethod(Invoker.java:901)
	at org.testng.internal.Invoker.invokeTestMethods(Invoker.java:1231)
	at org.testng.internal.TestMethodWorker.invokeTestMethods(TestMethodWorker.java:127)
	at org.testng.internal.TestMethodWorker.run(TestMethodWorker.java:111)
	at org.testng.TestRunner.privateRun(TestRunner.java:767)
	at org.testng.TestRunner.run(TestRunner.java:617)
	at org.testng.SuiteRunner.runTest(SuiteRunner.java:334)
	at org.testng.SuiteRunner.runSequentially(SuiteRunner.java:329)
	at org.testng.SuiteRunner.privateRun(SuiteRunner.java:291)
	at org.testng.SuiteRunner.run(SuiteRunner.java:240)
	at org.testng.SuiteRunnerWorker.runSuite(SuiteRunnerWorker.java:52)
	at org.testng.SuiteRunnerWorker.run(SuiteRunnerWorker.java:86)
	at org.testng.TestNG.runSuitesSequentially(TestNG.java:1198)
	at org.testng.TestNG.runSuitesLocally(TestNG.java:1123)
	at org.testng.TestNG.run(TestNG.java:1031)
	at util.MainTestNG.testng(MainTestNG.java:119)
	at util.MainTestNG.main(MainTestNG.java:77)
</pre></div></td>
<td>0</td>
<td>util.ExecuteTestCases@32d992b2</td></tr>
<tr>
<td title='util.ExecuteTestCases.testSample1()'><b>testSample1</b><br>Test class: util.ExecuteTestCases (TC001)</td>
<td><div><pre>java.lang.ArrayIndexOutOfBoundsException: 123
	at org.openqa.selenium.internal.Base64Encoder.mapCharToInt(Base64Encoder.java:89)
	at org.openqa.selenium.internal.Base64Encoder.decode(Base64Encoder.java:76)
	at org.openqa.selenium.OutputType$2.convertFromBase64Png(OutputType.java:53)
	at org.openqa.selenium.OutputType$2.convertFromBase64Png(OutputType.java:51)
	at org.openqa.selenium.OutputType$3.convertFromBase64Png(OutputType.java:67)
	at org.openqa.selenium.OutputType$3.convertFromBase64Png(OutputType.java:65)
	at org.openqa.selenium.ie.InternetExplorerDriver.getScreenshotAs(InternetExplorerDriver.java:197)
	at util.TestListener.takeScreenShot(TestListener.java:56)
	at util.TestListener.onTestFailure(TestListener.java:43)
	at util.MainTestNG.testng(MainTestNG.java:119)
	at util.MainTestNG.main(MainTestNG.java:77)
... Removed 18 stack frames</pre></div><a href='#' onClick='toggleBox("stack-trace1677207406", this, "Click to show all stack frames", "Click to hide stack frames")'>Click to show all stack frames</a>
<div class='stack-trace' id='stack-trace1677207406'><pre>java.lang.ArrayIndexOutOfBoundsException: 123
	at org.openqa.selenium.internal.Base64Encoder.mapCharToInt(Base64Encoder.java:89)
	at org.openqa.selenium.internal.Base64Encoder.decode(Base64Encoder.java:76)
	at org.openqa.selenium.OutputType$2.convertFromBase64Png(OutputType.java:53)
	at org.openqa.selenium.OutputType$2.convertFromBase64Png(OutputType.java:51)
	at org.openqa.selenium.OutputType$3.convertFromBase64Png(OutputType.java:67)
	at org.openqa.selenium.OutputType$3.convertFromBase64Png(OutputType.java:65)
	at org.openqa.selenium.ie.InternetExplorerDriver.getScreenshotAs(InternetExplorerDriver.java:197)
	at util.TestListener.takeScreenShot(TestListener.java:56)
	at util.TestListener.onTestFailure(TestListener.java:43)
	at org.testng.internal.Invoker.runTestListeners(Invoker.java:1895)
	at org.testng.internal.Invoker.runTestListeners(Invoker.java:1879)
	at org.testng.internal.Invoker.invokeMethod(Invoker.java:778)
	at org.testng.internal.Invoker.invokeTestMethod(Invoker.java:901)
	at org.testng.internal.Invoker.invokeTestMethods(Invoker.java:1231)
	at org.testng.internal.TestMethodWorker.invokeTestMethods(TestMethodWorker.java:127)
	at org.testng.internal.TestMethodWorker.run(TestMethodWorker.java:111)
	at org.testng.TestRunner.privateRun(TestRunner.java:767)
	at org.testng.TestRunner.run(TestRunner.java:617)
	at org.testng.SuiteRunner.runTest(SuiteRunner.java:334)
	at org.testng.SuiteRunner.runSequentially(SuiteRunner.java:329)
	at org.testng.SuiteRunner.privateRun(SuiteRunner.java:291)
	at org.testng.SuiteRunner.run(SuiteRunner.java:240)
	at org.testng.SuiteRunnerWorker.runSuite(SuiteRunnerWorker.java:52)
	at org.testng.SuiteRunnerWorker.run(SuiteRunnerWorker.java:86)
	at org.testng.TestNG.runSuitesSequentially(TestNG.java:1198)
	at org.testng.TestNG.runSuitesLocally(TestNG.java:1123)
	at org.testng.TestNG.run(TestNG.java:1031)
	at util.MainTestNG.testng(MainTestNG.java:119)
	at util.MainTestNG.main(MainTestNG.java:77)
</pre></div></td>
<td>0</td>
<td>util.ExecuteTestCases@32d992b2</td></tr>
</table><p>
</body>
</html>